# JRE version: OpenJDK Runtime Environment (21.0.3) (build 21.0.3+-12282718-b509.11)
# Java VM: OpenJDK 64-Bit Server VM (21.0.3+-12282718-b509.11, mixed mode, tiered, compressed oops, compressed class ptrs, g1 gc, linux-amd64)
GC Precious Log:
 CardTable entry size: 512
 Card Set container configuration: InlinePtr #cards 5 size 8 Array Of Cards #cards 12 size 40 Howl #buckets 4 coarsen threshold 1843 Howl Bitmap #cards 512 size 80 coarsen threshold 460 Card regions per heap region 1 cards per card region 2048
 CPUs: 4 total, 4 available
 Memory: 7888M
 Large Page Support: Disabled
 NUMA Support: Disabled
 Compressed Oops: Enabled (32-bit)
 Heap Region Size: 1M
 Heap Min Capacity: 8M
 Heap Initial Capacity: 124M
 Heap Max Capacity: 2G
 Pre-touch: Disabled
 Parallel Workers: 4
 Concurrent Workers: 1
 Concurrent Refinement Workers: 4
 Periodic GC: Disabled
Heap:
 garbage-first heap   total 417792K, used 372224K [0x0000000080000000, 0x0000000100000000)
  region size 1024K, 105 young (107520K), 3 survivors (3072K)
 Metaspace       used 154878K, committed 157440K, reserved 1245184K
  class space    used 20594K, committed 21888K, reserved 1048576K
GC Heap History (20 events):
Event: 68,812 GC heap before
{Heap before GC invocations=41 (full 0):
 garbage-first heap   total 293888K, used 264897K [0x0000000080000000, 0x0000000100000000)
  region size 1024K, 102 young (104448K), 13 survivors (13312K)
 Metaspace       used 125343K, committed 127744K, reserved 1179648K
  class space    used 17349K, committed 18560K, reserved 1048576K
}
Event: 68,854 GC heap after
{Heap after GC invocations=42 (full 0):
 garbage-first heap   total 293888K, used 176200K [0x0000000080000000, 0x0000000100000000)
  region size 1024K, 8 young (8192K), 8 survivors (8192K)
 Metaspace       used 125343K, committed 127744K, reserved 1179648K
  class space    used 17349K, committed 18560K, reserved 1048576K
}
Event: 71,112 GC heap before
{Heap before GC invocations=43 (full 0):
 garbage-first heap   total 348160K, used 267336K [0x0000000080000000, 0x0000000100000000)
  region size 1024K, 97 young (99328K), 8 survivors (8192K)
 Metaspace       used 125343K, committed 127744K, reserved 1179648K
  class space    used 17349K, committed 18560K, reserved 1048576K
}
Event: 71,172 GC heap after
{Heap after GC invocations=44 (full 0):
 garbage-first heap   total 348160K, used 179368K [0x0000000080000000, 0x0000000100000000)
  region size 1024K, 8 young (8192K), 8 survivors (8192K)
 Metaspace       used 125343K, committed 127744K, reserved 1179648K
  class space    used 17349K, committed 18560K, reserved 1048576K
}
Event: 76,958 GC heap before
{Heap before GC invocations=44 (full 0):
 garbage-first heap   total 348160K, used 320680K [0x0000000080000000, 0x0000000100000000)
  region size 1024K, 140 young (143360K), 8 survivors (8192K)
 Metaspace       used 136929K, committed 139392K, reserved 1179648K
  class space    used 18658K, committed 19904K, reserved 1048576K
}
Event: 77,167 GC heap after
{Heap after GC invocations=45 (full 0):
 garbage-first heap   total 348160K, used 181967K [0x0000000080000000, 0x0000000100000000)
  region size 1024K, 13 young (13312K), 13 survivors (13312K)
 Metaspace       used 136929K, committed 139392K, reserved 1179648K
  class space    used 18658K, committed 19904K, reserved 1048576K
}
Event: 83,012 GC heap before
{Heap before GC invocations=45 (full 0):
 garbage-first heap   total 348160K, used 317135K [0x0000000080000000, 0x0000000100000000)
  region size 1024K, 145 young (148480K), 13 survivors (13312K)
 Metaspace       used 138258K, committed 140672K, reserved 1179648K
  class space    used 18766K, committed 19968K, reserved 1048576K
}
Event: 83,108 GC heap after
{Heap after GC invocations=46 (full 0):
 garbage-first heap   total 417792K, used 189295K [0x0000000080000000, 0x0000000100000000)
  region size 1024K, 15 young (15360K), 15 survivors (15360K)
 Metaspace       used 138258K, committed 140672K, reserved 1179648K
  class space    used 18766K, committed 19968K, reserved 1048576K
}
Event: 498,627 GC heap before
{Heap before GC invocations=47 (full 0):
 garbage-first heap   total 417792K, used 368495K [0x0000000080000000, 0x0000000100000000)
  region size 1024K, 190 young (194560K), 15 survivors (15360K)
 Metaspace       used 145100K, committed 147584K, reserved 1179648K
  class space    used 19560K, committed 20800K, reserved 1048576K
}
Event: 498,857 GC heap after
{Heap after GC invocations=48 (full 0):
 garbage-first heap   total 417792K, used 203029K [0x0000000080000000, 0x0000000100000000)
  region size 1024K, 24 young (24576K), 24 survivors (24576K)
 Metaspace       used 145100K, committed 147584K, reserved 1179648K
  class space    used 19560K, committed 20800K, reserved 1048576K
}
Event: 501,247 GC heap before
{Heap before GC invocations=48 (full 0):
 garbage-first heap   total 417792K, used 300309K [0x0000000080000000, 0x0000000100000000)
  region size 1024K, 120 young (122880K), 24 survivors (24576K)
 Metaspace       used 145643K, committed 148160K, reserved 1179648K
  class space    used 19571K, committed 20800K, reserved 1048576K
}
Event: 501,463 GC heap after
{Heap after GC invocations=49 (full 0):
 garbage-first heap   total 417792K, used 216469K [0x0000000080000000, 0x0000000100000000)
  region size 1024K, 14 young (14336K), 14 survivors (14336K)
 Metaspace       used 145643K, committed 148160K, reserved 1179648K
  class space    used 19571K, committed 20800K, reserved 1048576K
}
Event: 824,530 GC heap before
{Heap before GC invocations=49 (full 0):
 garbage-first heap   total 417792K, used 315797K [0x0000000080000000, 0x0000000100000000)
  region size 1024K, 110 young (112640K), 14 survivors (14336K)
 Metaspace       used 146341K, committed 148864K, reserved 1179648K
  class space    used 19619K, committed 20864K, reserved 1048576K
}
Event: 824,584 GC heap after
{Heap after GC invocations=50 (full 0):
 garbage-first heap   total 417792K, used 225280K [0x0000000080000000, 0x0000000100000000)
  region size 1024K, 10 young (10240K), 10 survivors (10240K)
 Metaspace       used 146341K, committed 148864K, reserved 1179648K
  class space    used 19619K, committed 20864K, reserved 1048576K
}
Event: 827,113 GC heap before
{Heap before GC invocations=50 (full 0):
 garbage-first heap   total 417792K, used 372736K [0x0000000080000000, 0x0000000100000000)
  region size 1024K, 155 young (158720K), 10 survivors (10240K)
 Metaspace       used 150234K, committed 152832K, reserved 1245184K
  class space    used 20185K, committed 21504K, reserved 1048576K
}
Event: 827,157 GC heap after
{Heap after GC invocations=51 (full 0):
 garbage-first heap   total 417792K, used 246272K [0x0000000080000000, 0x0000000100000000)
  region size 1024K, 20 young (20480K), 20 survivors (20480K)
 Metaspace       used 150234K, committed 152832K, reserved 1245184K
  class space    used 20185K, committed 21504K, reserved 1048576K
}
Event: 828,568 GC heap before
{Heap before GC invocations=51 (full 0):
 garbage-first heap   total 417792K, used 358912K [0x0000000080000000, 0x0000000100000000)
  region size 1024K, 118 young (120832K), 20 survivors (20480K)
 Metaspace       used 151289K, committed 153920K, reserved 1245184K
  class space    used 20276K, committed 21568K, reserved 1048576K
}
Event: 828,620 GC heap after
{Heap after GC invocations=52 (full 0):
 garbage-first heap   total 417792K, used 263680K [0x0000000080000000, 0x0000000100000000)
  region size 1024K, 15 young (15360K), 15 survivors (15360K)
 Metaspace       used 151289K, committed 153920K, reserved 1245184K
  class space    used 20276K, committed 21568K, reserved 1048576K
}
Event: 828,765 GC heap before
{Heap before GC invocations=52 (full 0):
 garbage-first heap   total 417792K, used 273920K [0x0000000080000000, 0x0000000100000000)
  region size 1024K, 27 young (27648K), 15 survivors (15360K)
 Metaspace       used 152103K, committed 154688K, reserved 1245184K
  class space    used 20325K, committed 21632K, reserved 1048576K
}
Event: 828,786 GC heap after
{Heap after GC invocations=53 (full 0):
 garbage-first heap   total 417792K, used 266752K [0x0000000080000000, 0x0000000100000000)
  region size 1024K, 3 young (3072K), 3 survivors (3072K)
 Metaspace       used 152103K, committed 154688K, reserved 1245184K
  class space    used 20325K, committed 21632K, reserved 1048576K
}

